#
# There is insufficient memory for the Java Runtime Environment to continue.
# Native memory allocation (malloc) failed to allocate 1048576 bytes for AllocateHeap
# Possible reasons:
#   The system is out of physical RAM or swap space
#   The process is running with CompressedOops enabled, and the Java Heap may be blocking the growth of the native heap
# Possible solutions:
#   Reduce memory load on the system
#   Increase physical memory or swap space
#   Check if swap backing store is full
#   Decrease Java heap size (-Xmx/-Xms)
#   Decrease number of Java threads
#   Decrease Java thread stack sizes (-Xss)
#   Set larger code cache with -XX:ReservedCodeCacheSize=
#   JVM is running with Unscaled Compressed Oops mode in which the Java heap is
#     placed in the first 4GB address space. The Java Heap base address is the
#     maximum limit for the native heap growth. Please use -XX:HeapBaseMinAddress
#     to set the Java Heap base and to place the Java Heap above 4GB virtual address.
# This output file may be truncated or incomplete.
#
#  Out of Memory Error (memory/allocation.inline.hpp:61), pid=5288, tid=0x000000000000238c
#
# JRE version:  (8.0_231-b11) (build )
# Java VM: Java HotSpot(TM) 64-Bit Server VM (25.231-b11 mixed mode windows-amd64 compressed oops)
# Failed to write core dump. Minidumps are not enabled by default on client versions of Windows
#

---------------  T H R E A D  ---------------

Current thread (0x0000000003472800):  JavaThread "Unknown thread" [_thread_in_vm, id=9100, stack(0x00000000031d0000,0x00000000032d0000)]

Stack: [0x00000000031d0000,0x00000000032d0000]
[error occurred during error reporting (printing stack bounds), id 0xc0000005]

Native frames: (J=compiled Java code, j=interpreted, Vv=VM code, C=native code)


---------------  P R O C E S S  ---------------

Java Threads: ( => current thread )

Other Threads:

=>0x0000000003472800 (exited) JavaThread "Unknown thread" [_thread_in_vm, id=9100, stack(0x00000000031d0000,0x00000000032d0000)]

VM state:not at safepoint (normal execution)

VM Mutex/Monitor currently owned by a thread: None

heap address: 0x0000000080c00000, size: 2036 MB, Compressed Oops mode: 32-bit
Narrow klass base: 0x0000000000000000, Narrow klass shift: 3
Compressed class space size: 1073741824 Address: 0x0000000100000000

Heap:
 PSYoungGen      total 38400K, used 665K [0x00000000d5980000, 0x00000000d8400000, 0x0000000100000000)
  eden space 33280K, 2% used [0x00000000d5980000,0x00000000d5a26670,0x00000000d7a00000)
  from space 5120K, 0% used [0x00000000d7f00000,0x00000000d7f00000,0x00000000d8400000)
  to   space 5120K, 0% used [0x00000000d7a00000,0x00000000d7a00000,0x00000000d7f00000)
 ParOldGen       total 87552K, used 0K [0x0000000080c00000, 0x0000000086180000, 0x00000000d5980000)
  object space 87552K, 0% used [0x0000000080c00000,0x0000000080c00000,0x0000000086180000)
 Metaspace       used 776K, capacity 4480K, committed 4480K, reserved 1056768K
  class space    used 76K, capacity 384K, committed 384K, reserved 1048576K

Card table byte_map: [0x0000000012930000,0x0000000012d30000] byte_map_base: 0x000000001252a000

Marking Bits: (ParMarkBitMap*) 0x0000000067846d90
 Begin Bits: [0x00000000137e0000, 0x00000000157b0000)
 End Bits:   [0x00000000157b0000, 0x0000000017780000)

Polling page: 0x0000000001100000

CodeCache: size=245760Kb used=328Kb max_used=328Kb free=245431Kb
 bounds [0x0000000003570000, 0x00000000037e0000, 0x0000000012570000]
 total_blobs=58 nmethods=0 adapters=38
 compilation: enabled

Compilation events (0 events):
No events

GC Heap History (0 events):
No events

Deoptimization events (0 events):
No events

Classes redefined (0 events):
No events

Internal exceptions (0 events):
No events

Events (10 events):
Event: 0.024 loading class java/lang/Short
Event: 0.024 loading class java/lang/Short done
Event: 0.024 loading class java/lang/Integer
Event: 0.024 loading class java/lang/Integer done
Event: 0.024 loading class java/lang/Long
Event: 0.024 loading class java/lang/Long done
Event: 0.025 loading class java/lang/NullPointerException
Event: 0.025 loading class java/lang/NullPointerException done
Event: 0.025 loading class java/lang/ArithmeticException
Event: 0.025 loading class java/lang/ArithmeticException done


Dynamic libraries:
0x00007ff73b690000 - 0x00007ff73b6c7000 	D:\jdk\jdk1.8\bin\java.exe
0x00007ffb3ac80000 - 0x00007ffb3ae70000 	C:\Windows\SYSTEM32\ntdll.dll
0x00007ffb3a4e0000 - 0x00007ffb3a592000 	C:\Windows\System32\KERNEL32.DLL
0x00007ffb385b0000 - 0x00007ffb38853000 	C:\Windows\System32\KERNELBASE.dll
0x00007ffb391f0000 - 0x00007ffb39293000 	C:\Windows\System32\ADVAPI32.dll
0x00007ffb39300000 - 0x00007ffb3939e000 	C:\Windows\System32\msvcrt.dll
0x00007ffb3aba0000 - 0x00007ffb3ac37000 	C:\Windows\System32\sechost.dll
0x00007ffb39f20000 - 0x00007ffb3a040000 	C:\Windows\System32\RPCRT4.dll
0x00007ffb3a270000 - 0x00007ffb3a404000 	C:\Windows\System32\USER32.dll
0x00007ffb38880000 - 0x00007ffb388a1000 	C:\Windows\System32\win32u.dll
0x00007ffb3aa10000 - 0x00007ffb3aa36000 	C:\Windows\System32\GDI32.dll
0x00007ffb38390000 - 0x00007ffb38524000 	C:\Windows\System32\gdi32full.dll
0x00007ffb38910000 - 0x00007ffb389ae000 	C:\Windows\System32\msvcp_win.dll
0x00007ffb38c30000 - 0x00007ffb38d2a000 	C:\Windows\System32\ucrtbase.dll
0x00007ffb2dd10000 - 0x00007ffb2df95000 	C:\Windows\WinSxS\amd64_microsoft.windows.common-controls_6595b64144ccf1df_6.0.18362.778_none_e6c6b761130d4fb8\COMCTL32.dll
0x00007ffb38d30000 - 0x00007ffb39066000 	C:\Windows\System32\combase.dll
0x00007ffb38530000 - 0x00007ffb385b0000 	C:\Windows\System32\bcryptPrimitives.dll
0x00007ffb39150000 - 0x00007ffb3917e000 	C:\Windows\System32\IMM32.DLL
0x00000000678d0000 - 0x00000000679a2000 	D:\jdk\jdk1.8\jre\bin\msvcr100.dll
0x0000000067020000 - 0x00000000678c6000 	D:\jdk\jdk1.8\jre\bin\server\jvm.dll
0x00007ffb39b20000 - 0x00007ffb39b28000 	C:\Windows\System32\PSAPI.DLL
0x00007ffb24640000 - 0x00007ffb24649000 	C:\Windows\SYSTEM32\WSOCK32.dll
0x00007ffb35c10000 - 0x00007ffb35c34000 	C:\Windows\SYSTEM32\WINMM.dll
0x00007ffb376e0000 - 0x00007ffb376ea000 	C:\Windows\SYSTEM32\VERSION.dll
0x00007ffb39ab0000 - 0x00007ffb39b1f000 	C:\Windows\System32\WS2_32.dll
0x00007ffb35be0000 - 0x00007ffb35c0d000 	C:\Windows\SYSTEM32\WINMMBASE.dll
0x00007ffb38b30000 - 0x00007ffb38b7a000 	C:\Windows\System32\cfgmgr32.dll
0x00007ffb273e0000 - 0x00007ffb273ef000 	D:\jdk\jdk1.8\jre\bin\verify.dll
0x00007ffb1be40000 - 0x00007ffb1be69000 	D:\jdk\jdk1.8\jre\bin\java.dll
0x00007ffb26fa0000 - 0x00007ffb26fc3000 	D:\jdk\jdk1.8\jre\bin\instrument.dll
0x00007ffb23380000 - 0x00007ffb23396000 	D:\jdk\jdk1.8\jre\bin\zip.dll

VM Arguments:
jvm_args: -javaagent:D:\idea\IntelliJ IDEA 2019.2.4\lib\idea_rt.jar=61388:D:\idea\IntelliJ IDEA 2019.2.4\bin -Dfile.encoding=UTF-8 
java_command: com.test.reference.weak.WeakRefTest
java_class_path (initial): D:\jdk\jdk1.8\jre\lib\charsets.jar;D:\jdk\jdk1.8\jre\lib\deploy.jar;D:\jdk\jdk1.8\jre\lib\ext\access-bridge-64.jar;D:\jdk\jdk1.8\jre\lib\ext\cldrdata.jar;D:\jdk\jdk1.8\jre\lib\ext\dnsns.jar;D:\jdk\jdk1.8\jre\lib\ext\jaccess.jar;D:\jdk\jdk1.8\jre\lib\ext\jfxrt.jar;D:\jdk\jdk1.8\jre\lib\ext\localedata.jar;D:\jdk\jdk1.8\jre\lib\ext\nashorn.jar;D:\jdk\jdk1.8\jre\lib\ext\sunec.jar;D:\jdk\jdk1.8\jre\lib\ext\sunjce_provider.jar;D:\jdk\jdk1.8\jre\lib\ext\sunmscapi.jar;D:\jdk\jdk1.8\jre\lib\ext\sunpkcs11.jar;D:\jdk\jdk1.8\jre\lib\ext\zipfs.jar;D:\jdk\jdk1.8\jre\lib\javaws.jar;D:\jdk\jdk1.8\jre\lib\jce.jar;D:\jdk\jdk1.8\jre\lib\jfr.jar;D:\jdk\jdk1.8\jre\lib\jfxswt.jar;D:\jdk\jdk1.8\jre\lib\jsse.jar;D:\jdk\jdk1.8\jre\lib\management-agent.jar;D:\jdk\jdk1.8\jre\lib\plugin.jar;D:\jdk\jdk1.8\jre\lib\resources.jar;D:\jdk\jdk1.8\jre\lib\rt.jar;D:\test_workspace\ReferenceTest\out\production\ReferenceTest;D:\idea\IntelliJ IDEA 2019.2.4\lib\idea_rt.jar
Launcher Type: SUN_STANDARD

Environment Variables:
JAVA_HOME=D:\jdk\jdk1.8
CLASSPATH=.;D:\jdk\jdk1.8\lib;D:\jdk\jdk1.8\lib\tools.jar
PATH=D:\xshell\;D:\xftp\;C:\Program Files (x86)\Common Files\Oracle\Java\javapath;C:\Windows\system32;C:\Windows;C:\Windows\System32\Wbem;C:\Windows\System32\WindowsPowerShell\v1.0\;C:\Windows\System32\OpenSSH\;C:\Program Files (x86)\NVIDIA Corporation\PhysX\Common;"D:\jdk\jdk1.8\bin;D:\jdk\jdk1.8\jre\bin";D:\apache-maven-3.6.2\bin;D:\Git\cmd;C:\mysql\mysql-8.0.11-winx64\bin;;D:\openSsh\bin;C:\Users\Administrator\AppData\Local\Microsoft\WindowsApps;D:\curl-7.67.0-win64-mingw\bin;;D:\fiddler
USERNAME=Administrator
OS=Windows_NT
PROCESSOR_IDENTIFIER=Intel64 Family 6 Model 58 Stepping 9, GenuineIntel



---------------  S Y S T E M  ---------------

OS: Windows 10.0 , 64 bit Build 18362 (10.0.18362.778)

CPU:total 8 (initial active 8) (4 cores per cpu, 2 threads per core) family 6 model 58 stepping 9, cmov, cx8, fxsr, mmx, sse, sse2, sse3, ssse3, sse4.1, sse4.2, popcnt, avx, aes, clmul, erms, ht, tsc, tscinvbit, tscinv

Memory: 4k page, physical 8339240k(3032720k free), swap 21446564k(5644k free)

vm_info: Java HotSpot(TM) 64-Bit Server VM (25.231-b11) for windows-amd64 JRE (1.8.0_231-b11), built on Oct  5 2019 03:11:30 by "java_re" with MS VC++ 10.0 (VS2010)

time: Tue Jul 21 17:16:34 2020
timezone: 中国标准时间
elapsed time: 0 seconds (0d 0h 0m 0s)

